13800 images with labels for task elevation
df            elevation
ID                  
1000,1067   1.589314
1000,129    0.416393
1000,1568   0.741856
1000,2020  -0.468241
1000,2037  -0.513781
...              ...
999,2457   -0.825724
999,53     -0.834106
999,679     1.403035
999,914     1.050879
999,942     1.037346

[13812 rows x 1 columns]
13815 images with labels for task roads
df            elevation    length
ID                            
1000,1067   1.589314 -0.273809
1000,129    0.416393 -0.632788
1000,1568   0.741856 -0.632788
1000,2020  -0.468241  0.925490
1000,2037  -0.513781  1.202417
...              ...       ...
999,2457   -0.825724  0.155488
999,53     -0.834106 -0.632788
999,679     1.403035  1.819826
999,914     1.050879 -0.632788
999,942     1.037346 -0.119595

[13812 rows x 2 columns]
13085 images with labels for task income
df            elevation    length    income
ID                                      
1000,1067   1.589314 -0.273809  1.275429
1000,129    0.416393 -0.632788 -1.422184
1000,1568   0.741856 -0.632788  0.083334
1000,2020  -0.468241  0.925490  0.577271
1000,2037  -0.513781  1.202417 -0.249927
...              ...       ...       ...
999,2457   -0.825724  0.155488  0.066471
999,53     -0.834106 -0.632788  0.096302
999,679     1.403035  1.819826  1.720198
999,914     1.050879 -0.632788  0.685130
999,942     1.037346 -0.119595  1.199436

[13085 rows x 3 columns]
13815 images with labels for task treecover
df            elevation    length    income  treecover
ID                                                 
1000,1067   1.589314 -0.273809  1.275429  -0.371312
1000,129    0.416393 -0.632788 -1.422184   1.604845
1000,1568   0.741856 -0.632788  0.083334  -0.742844
1000,2020  -0.468241  0.925490  0.577271  -0.740541
1000,2037  -0.513781  1.202417 -0.249927  -0.732863
...              ...       ...       ...        ...
999,2457   -0.825724  0.155488  0.066471  -0.710798
999,53     -0.834106 -0.632788  0.096302   1.434283
999,679     1.403035  1.819826  1.720198  -0.742844
999,914     1.050879 -0.632788  0.685130  -0.742744
999,942     1.037346 -0.119595  1.199436  -0.742844

[13085 rows x 4 columns]
          ID  elevation    length    income  treecover
0  1000,1067   1.589314 -0.273809  1.275429  -0.371312
1   1000,129   0.416393 -0.632788 -1.422184   1.604845
2  1000,1568   0.741856 -0.632788  0.083334  -0.742844
3  1000,2020  -0.468241  0.925490  0.577271  -0.740541
4  1000,2037  -0.513781  1.202417 -0.249927  -0.732863
Initialize dataset of length 13085 in 2.903200149536133 seconds
13815 images with labels for task roads
df              length
ID                 
1000,1067 -0.273809
1000,129  -0.632788
1000,1568 -0.632788
1000,2020  0.925490
1000,2037  1.202417
...             ...
999,2457   0.155488
999,53    -0.632788
999,679    1.819826
999,914   -0.632788
999,942   -0.119595

[13827 rows x 1 columns]
13085 images with labels for task income
df              length    income
ID                           
1000,1067 -0.273809  1.275429
1000,129  -0.632788 -1.422184
1000,1568 -0.632788  0.083334
1000,2020  0.925490  0.577271
1000,2037  1.202417 -0.249927
...             ...       ...
999,2457   0.155488  0.066471
999,53    -0.632788  0.096302
999,679    1.819826  1.720198
999,914   -0.632788  0.685130
999,942   -0.119595  1.199436

[13097 rows x 2 columns]
13815 images with labels for task treecover
df              length    income  treecover
ID                                      
1000,1067 -0.273809  1.275429  -0.371312
1000,129  -0.632788 -1.422184   1.604845
1000,1568 -0.632788  0.083334  -0.742844
1000,2020  0.925490  0.577271  -0.740541
1000,2037  1.202417 -0.249927  -0.732863
...             ...       ...        ...
999,2457   0.155488  0.066471  -0.710798
999,53    -0.632788  0.096302   1.434283
999,679    1.819826  1.720198  -0.742844
999,914   -0.632788  0.685130  -0.742744
999,942   -0.119595  1.199436  -0.742844

[13097 rows x 3 columns]
          ID    length    income  treecover
0  1000,1067 -0.273809  1.275429  -0.371312
1   1000,129 -0.632788 -1.422184   1.604845
2  1000,1568 -0.632788  0.083334  -0.742844
3  1000,2020  0.925490  0.577271  -0.740541
4  1000,2037  1.202417 -0.249927  -0.732863
Initialize dataset of length 13097 in 1.9268269538879395 seconds
13800 images with labels for task elevation
df            elevation
ID                  
1000,1067   1.589314
1000,129    0.416393
1000,1568   0.741856
1000,2020  -0.468241
1000,2037  -0.513781
...              ...
999,2457   -0.825724
999,53     -0.834106
999,679     1.403035
999,914     1.050879
999,942     1.037346

[13812 rows x 1 columns]
13815 images with labels for task roads
df            elevation    length
ID                            
1000,1067   1.589314 -0.273809
1000,129    0.416393 -0.632788
1000,1568   0.741856 -0.632788
1000,2020  -0.468241  0.925490
1000,2037  -0.513781  1.202417
...              ...       ...
999,2457   -0.825724  0.155488
999,53     -0.834106 -0.632788
999,679     1.403035  1.819826
999,914     1.050879 -0.632788
999,942     1.037346 -0.119595

[13812 rows x 2 columns]
13815 images with labels for task treecover
df            elevation    length  treecover
ID                                       
1000,1067   1.589314 -0.273809  -0.371312
1000,129    0.416393 -0.632788   1.604845
1000,1568   0.741856 -0.632788  -0.742844
1000,2020  -0.468241  0.925490  -0.740541
1000,2037  -0.513781  1.202417  -0.732863
...              ...       ...        ...
999,2457   -0.825724  0.155488  -0.710798
999,53     -0.834106 -0.632788   1.434283
999,679     1.403035  1.819826  -0.742844
999,914     1.050879 -0.632788  -0.742744
999,942     1.037346 -0.119595  -0.742844

[13812 rows x 3 columns]
          ID  elevation    length  treecover
0  1000,1067   1.589314 -0.273809  -0.371312
1   1000,129   0.416393 -0.632788   1.604845
2  1000,1568   0.741856 -0.632788  -0.742844
3  1000,2020  -0.468241  0.925490  -0.740541
4  1000,2037  -0.513781  1.202417  -0.732863
Initialize dataset of length 13812 in 1.9953086376190186 seconds
13800 images with labels for task elevation
df            elevation
ID                  
1000,1067   1.589314
1000,129    0.416393
1000,1568   0.741856
1000,2020  -0.468241
1000,2037  -0.513781
...              ...
999,2457   -0.825724
999,53     -0.834106
999,679     1.403035
999,914     1.050879
999,942     1.037346

[13812 rows x 1 columns]
13085 images with labels for task income
df            elevation    income
ID                            
1000,1067   1.589314  1.275429
1000,129    0.416393 -1.422184
1000,1568   0.741856  0.083334
1000,2020  -0.468241  0.577271
1000,2037  -0.513781 -0.249927
...              ...       ...
999,2457   -0.825724  0.066471
999,53     -0.834106  0.096302
999,679     1.403035  1.720198
999,914     1.050879  0.685130
999,942     1.037346  1.199436

[13085 rows x 2 columns]
13815 images with labels for task treecover
df            elevation    income  treecover
ID                                       
1000,1067   1.589314  1.275429  -0.371312
1000,129    0.416393 -1.422184   1.604845
1000,1568   0.741856  0.083334  -0.742844
1000,2020  -0.468241  0.577271  -0.740541
1000,2037  -0.513781 -0.249927  -0.732863
...              ...       ...        ...
999,2457   -0.825724  0.066471  -0.710798
999,53     -0.834106  0.096302   1.434283
999,679     1.403035  1.720198  -0.742844
999,914     1.050879  0.685130  -0.742744
999,942     1.037346  1.199436  -0.742844

[13085 rows x 3 columns]
          ID  elevation    income  treecover
0  1000,1067   1.589314  1.275429  -0.371312
1   1000,129   0.416393 -1.422184   1.604845
2  1000,1568   0.741856  0.083334  -0.742844
3  1000,2020  -0.468241  0.577271  -0.740541
4  1000,2037  -0.513781 -0.249927  -0.732863
Initialize dataset of length 13085 in 1.8290741443634033 seconds
13800 images with labels for task elevation
df            elevation
ID                  
1000,1067   1.589314
1000,129    0.416393
1000,1568   0.741856
1000,2020  -0.468241
1000,2037  -0.513781
...              ...
999,2457   -0.825724
999,53     -0.834106
999,679     1.403035
999,914     1.050879
999,942     1.037346

[13812 rows x 1 columns]
13815 images with labels for task roads
df            elevation    length
ID                            
1000,1067   1.589314 -0.273809
1000,129    0.416393 -0.632788
1000,1568   0.741856 -0.632788
1000,2020  -0.468241  0.925490
1000,2037  -0.513781  1.202417
...              ...       ...
999,2457   -0.825724  0.155488
999,53     -0.834106 -0.632788
999,679     1.403035  1.819826
999,914     1.050879 -0.632788
999,942     1.037346 -0.119595

[13812 rows x 2 columns]
13085 images with labels for task income
df            elevation    length    income
ID                                      
1000,1067   1.589314 -0.273809  1.275429
1000,129    0.416393 -0.632788 -1.422184
1000,1568   0.741856 -0.632788  0.083334
1000,2020  -0.468241  0.925490  0.577271
1000,2037  -0.513781  1.202417 -0.249927
...              ...       ...       ...
999,2457   -0.825724  0.155488  0.066471
999,53     -0.834106 -0.632788  0.096302
999,679     1.403035  1.819826  1.720198
999,914     1.050879 -0.632788  0.685130
999,942     1.037346 -0.119595  1.199436

[13085 rows x 3 columns]
          ID  elevation    length    income
0  1000,1067   1.589314 -0.273809  1.275429
1   1000,129   0.416393 -0.632788 -1.422184
2  1000,1568   0.741856 -0.632788  0.083334
3  1000,2020  -0.468241  0.925490  0.577271
4  1000,2037  -0.513781  1.202417 -0.249927
Initialize dataset of length 13085 in 1.942803144454956 seconds
pretrained_visiontransformer_1024
CUDA status:  True
STARTING TRAINING LOOP
epoch 0, i=1 loss=0.1760400950908661
epoch 0, i=11 loss=0.8705075263977051
epoch 0, i=21 loss=0.7675162196159363
epoch 0, i=31 loss=0.7710019528865815
epoch 0, i=41 loss=0.730396854877472
epoch 0, i=51 loss=0.6618482947349549
epoch 0, i=61 loss=0.6619101971387863
epoch 0, i=71 loss=0.7439890086650849
epoch 0, i=81 loss=0.5347166925668716
epoch 0, i=91 loss=0.5970125794410706
epoch 0, i=101 loss=0.4793205916881561
epoch 0, i=111 loss=0.6632157742977143
epoch 0, i=121 loss=0.5304572761058808
epoch 0, i=131 loss=0.4905191481113434
epoch 0, i=141 loss=0.5171739131212234
epoch 0, i=151 loss=0.5138274848461151
epoch 0, i=161 loss=0.49795126020908353
R2 for elevation is 0.7875050003452587
R2 for roads is 0.5331719420934534
R2 for income is 0.3219771421138465
R2 for treecover is 0.9330241800283545
Validation loss: 0.5029658008189428
epoch 1, i=1 loss=0.11456897854804993
epoch 1, i=11 loss=0.4575493663549423
epoch 1, i=21 loss=0.4736348897218704
epoch 1, i=31 loss=0.5414953500032424
epoch 1, i=41 loss=0.5584543883800507
epoch 1, i=51 loss=0.4862651914358139
epoch 1, i=61 loss=0.4353817254304886
epoch 1, i=71 loss=0.5169544875621795
epoch 1, i=81 loss=0.47651289105415345
epoch 1, i=91 loss=0.5067484557628632
epoch 1, i=101 loss=0.5511845856904983
epoch 1, i=111 loss=0.5155915886163711
epoch 1, i=121 loss=0.5033711463212966
epoch 1, i=131 loss=0.47209288775920866
epoch 1, i=141 loss=0.459953173995018
epoch 1, i=151 loss=0.44972470998764036
epoch 1, i=161 loss=0.43678913712501527
R2 for elevation is 0.822316575203645
R2 for roads is 0.5668736449725011
R2 for income is 0.3863088977001713
R2 for treecover is 0.9479818212217436
Validation loss: 0.46442105230830966
epoch 2, i=1 loss=0.09689379930496216
epoch 2, i=11 loss=0.49292303919792174
epoch 2, i=21 loss=0.4502248078584671
epoch 2, i=31 loss=0.5187679290771484
epoch 2, i=41 loss=0.3916221559047699
epoch 2, i=51 loss=0.40041981637477875
epoch 2, i=61 loss=0.45699509382247927
epoch 2, i=71 loss=0.4762974977493286
epoch 2, i=81 loss=0.4533066272735596
epoch 2, i=91 loss=0.4299571305513382
epoch 2, i=101 loss=0.47183188796043396
epoch 2, i=111 loss=0.40476247370243074
epoch 2, i=121 loss=0.4380400598049164
epoch 2, i=131 loss=0.43499896228313445
epoch 2, i=141 loss=0.46829216480255126
epoch 2, i=151 loss=0.4101822018623352
epoch 2, i=161 loss=0.5138290613889694
R2 for elevation is 0.8420856007541102
R2 for roads is 0.587550666102541
R2 for income is 0.4159819380116479
R2 for treecover is 0.9538185950086695
Validation loss: 0.441012761422566
epoch 3, i=1 loss=0.0629037469625473
epoch 3, i=11 loss=0.44924171566963195
epoch 3, i=21 loss=0.4043947011232376
epoch 3, i=31 loss=0.4040840953588486
epoch 3, i=41 loss=0.44730056524276735
epoch 3, i=51 loss=0.4271860674023628
epoch 3, i=61 loss=0.39776086509227754
epoch 3, i=71 loss=0.38971294462680817
epoch 3, i=81 loss=0.4208759516477585
epoch 3, i=91 loss=0.3944662094116211
epoch 3, i=101 loss=0.38990347683429716
epoch 3, i=111 loss=0.39988059997558595
epoch 3, i=121 loss=0.4467843770980835
epoch 3, i=131 loss=0.455407926440239
epoch 3, i=141 loss=0.45324532985687255
epoch 3, i=151 loss=0.47851265370845797
epoch 3, i=161 loss=0.3816878616809845
R2 for elevation is 0.852879382042419
R2 for roads is 0.5939922138719399
R2 for income is 0.43042344962794465
R2 for treecover is 0.9561166196472018
Validation loss: 0.42960075111616225
epoch 4, i=1 loss=0.07293910980224609
epoch 4, i=11 loss=0.40447364151477816
epoch 4, i=21 loss=0.40279469788074496
epoch 4, i=31 loss=0.3963893473148346
epoch 4, i=41 loss=0.4317789554595947
epoch 4, i=51 loss=0.38487705290317537
epoch 4, i=61 loss=0.3753849595785141
epoch 4, i=71 loss=0.388532817363739
epoch 4, i=81 loss=0.3968852162361145
epoch 4, i=91 loss=0.3926155030727386
epoch 4, i=101 loss=0.42466444373130796
epoch 4, i=111 loss=0.3790748566389084
epoch 4, i=121 loss=0.36489242911338804
epoch 4, i=131 loss=0.3839003950357437
epoch 4, i=141 loss=0.3667753726243973
epoch 4, i=151 loss=0.3595131322741508
epoch 4, i=161 loss=0.3955248028039932
R2 for elevation is 0.8605503358536176
R2 for roads is 0.5963433744384227
R2 for income is 0.4438650371186231
R2 for treecover is 0.9562461412283199
Validation loss: 0.4252337955293201
Finished Training
pretrained_visiontransformer_1024
CUDA status:  True
STARTING TRAINING LOOP
epoch 0, i=1 loss=0.1949175477027893
epoch 0, i=11 loss=1.0873478055000305
epoch 0, i=21 loss=0.7761771142482757
epoch 0, i=31 loss=0.7949888736009598
epoch 0, i=41 loss=0.9076092779636383
epoch 0, i=51 loss=0.6019059777259826
epoch 0, i=61 loss=0.6151743829250336
epoch 0, i=71 loss=0.6588565289974213
epoch 0, i=81 loss=0.6721678376197815
epoch 0, i=91 loss=0.5724922508001328
epoch 0, i=101 loss=0.8521314322948456
epoch 0, i=111 loss=0.6201338350772858
epoch 0, i=121 loss=0.5896405309438706
epoch 0, i=131 loss=0.48009544610977173
epoch 0, i=141 loss=0.5153997391462326
epoch 0, i=151 loss=0.5515633821487427
epoch 0, i=161 loss=0.6492168515920639
R2 for roads is 0.5957432605350789
R2 for income is 0.3041246484766385
R2 for treecover is 0.9164575486155209
Validation loss: 0.6192310963358197
epoch 1, i=1 loss=0.07511456310749054
epoch 1, i=11 loss=0.6364024937152862
epoch 1, i=21 loss=0.5077647656202317
epoch 1, i=31 loss=0.5385833144187927
epoch 1, i=41 loss=0.5141617149114609
epoch 1, i=51 loss=0.6269037157297135
epoch 1, i=61 loss=0.7448057770729065
epoch 1, i=71 loss=0.54361771941185
epoch 1, i=81 loss=0.4756529778242111
epoch 1, i=91 loss=0.43439272344112395
epoch 1, i=101 loss=0.5682365477085114
epoch 1, i=111 loss=0.46534807682037355
epoch 1, i=121 loss=0.6695113897323608
epoch 1, i=131 loss=0.5174046158790588
epoch 1, i=141 loss=0.5632670432329178
epoch 1, i=151 loss=0.5168126970529556
epoch 1, i=161 loss=0.528987494111061
R2 for roads is 0.6132357085572273
R2 for income is 0.35166822274911785
R2 for treecover is 0.9259377964451677
Validation loss: 0.5944147294475919
epoch 2, i=1 loss=0.12967413365840913
epoch 2, i=11 loss=0.4595757007598877
epoch 2, i=21 loss=0.5036203652620316
epoch 2, i=31 loss=0.6411310940980911
epoch 2, i=41 loss=0.4568377882242203
epoch 2, i=51 loss=0.46373785734176637
epoch 2, i=61 loss=0.561233252286911
epoch 2, i=71 loss=0.5024227023124694
epoch 2, i=81 loss=0.5477077752351761
epoch 2, i=91 loss=0.4869849294424057
epoch 2, i=101 loss=0.6626579284667968
epoch 2, i=111 loss=0.4783556491136551
epoch 2, i=121 loss=0.45663566291332247
epoch 2, i=131 loss=0.4712697356939316
epoch 2, i=141 loss=0.46322380304336547
epoch 2, i=151 loss=0.52733393907547
epoch 2, i=161 loss=0.49400236904621125
R2 for roads is 0.6313054084490076
R2 for income is 0.3838350727139479
R2 for treecover is 0.9355177455570463
Validation loss: 0.5681951627844856
epoch 3, i=1 loss=0.10176097750663757
epoch 3, i=11 loss=0.3893184125423431
epoch 3, i=21 loss=0.43079824149608614
epoch 3, i=31 loss=0.5611762136220932
epoch 3, i=41 loss=0.4581689089536667
epoch 3, i=51 loss=0.39612423777580263
epoch 3, i=61 loss=0.49337680339813234
epoch 3, i=71 loss=0.4372119724750519
epoch 3, i=81 loss=0.49519590437412264
epoch 3, i=91 loss=0.42271555960178375
epoch 3, i=101 loss=0.46200156807899473
epoch 3, i=111 loss=0.4972131967544556
epoch 3, i=121 loss=0.44750241935253143
epoch 3, i=131 loss=0.6259374469518661
epoch 3, i=141 loss=0.4749759525060654
epoch 3, i=151 loss=0.4793499320745468
epoch 3, i=161 loss=0.498487713932991
R2 for roads is 0.6366365262601897
R2 for income is 0.39382953382313085
R2 for treecover is 0.9390700491870436
Validation loss: 0.5731700460116068
epoch 4, i=1 loss=0.09506958127021789
epoch 4, i=11 loss=0.5537101984024048
epoch 4, i=21 loss=0.3578566610813141
epoch 4, i=31 loss=0.45689418315887453
epoch 4, i=41 loss=0.39415199756622316
epoch 4, i=51 loss=0.3357429772615433
epoch 4, i=61 loss=0.4078040510416031
epoch 4, i=71 loss=0.3818245679140091
epoch 4, i=81 loss=0.37446333169937135
epoch 4, i=91 loss=0.5042552351951599
epoch 4, i=101 loss=0.41372124254703524
epoch 4, i=111 loss=0.4400999337434769
epoch 4, i=121 loss=0.3705105006694794
epoch 4, i=131 loss=0.4822980463504791
epoch 4, i=141 loss=0.5444073677062988
epoch 4, i=151 loss=0.43341563642024994
epoch 4, i=161 loss=0.4876475393772125
R2 for roads is 0.623524730355704
R2 for income is 0.4129795085994759
R2 for treecover is 0.9402782024704538
Validation loss: 0.56316796370915
Finished Training
pretrained_visiontransformer_1024
CUDA status:  True
STARTING TRAINING LOOP
epoch 0, i=1 loss=0.21072832345962525
epoch 0, i=11 loss=0.9141211867332458
epoch 0, i=21 loss=0.838022768497467
epoch 0, i=31 loss=0.540025782585144
epoch 0, i=41 loss=0.46754165589809416
epoch 0, i=51 loss=0.5051613122224807
epoch 0, i=61 loss=0.4634279489517212
epoch 0, i=71 loss=0.4803894251585007
epoch 0, i=81 loss=0.4191735714673996
epoch 0, i=91 loss=0.4217516243457794
epoch 0, i=101 loss=0.3711626142263412
epoch 0, i=111 loss=0.4082842946052551
epoch 0, i=121 loss=0.3625399023294449
epoch 0, i=131 loss=0.44637522995471957
epoch 0, i=141 loss=0.5423718988895416
epoch 0, i=151 loss=0.3807773754000664
epoch 0, i=161 loss=0.4474251717329025
epoch 0, i=171 loss=0.3795360684394836
R2 for elevation is 0.8083888689281097
R2 for roads is 0.5444912304971403
R2 for treecover is 0.9301927566128971
Validation loss: 0.5385513522408225
epoch 1, i=1 loss=0.06878767609596252
epoch 1, i=11 loss=0.34669035524129865
epoch 1, i=21 loss=0.4289354383945465
epoch 1, i=31 loss=0.3492837160825729
epoch 1, i=41 loss=0.27606762051582334
epoch 1, i=51 loss=0.39933978021144867
epoch 1, i=61 loss=0.309064918756485
epoch 1, i=71 loss=0.3813285768032074
epoch 1, i=81 loss=0.3675645083189011
epoch 1, i=91 loss=0.39467521011829376
epoch 1, i=101 loss=0.2950667172670364
epoch 1, i=111 loss=0.38269470930099486
epoch 1, i=121 loss=0.4183266520500183
epoch 1, i=131 loss=0.39714967608451845
epoch 1, i=141 loss=0.32943482100963595
epoch 1, i=151 loss=0.30709498971700666
epoch 1, i=161 loss=0.2977954834699631
epoch 1, i=171 loss=0.33946098685264586
R2 for elevation is 0.8395868122169575
R2 for roads is 0.5878533707743014
R2 for treecover is 0.9449777026342613
Validation loss: 0.4851798625154929
epoch 2, i=1 loss=0.04881500005722046
epoch 2, i=11 loss=0.32565213143825533
epoch 2, i=21 loss=0.3153713583946228
epoch 2, i=31 loss=0.30929704010486603
epoch 2, i=41 loss=0.380912846326828
epoch 2, i=51 loss=0.29977789521217346
epoch 2, i=61 loss=0.36530113220214844
epoch 2, i=71 loss=0.31682526022195817
epoch 2, i=81 loss=0.294699427485466
epoch 2, i=91 loss=0.3032292351126671
epoch 2, i=101 loss=0.25895933210849764
epoch 2, i=111 loss=0.28478072732687
epoch 2, i=121 loss=0.3166948169469833
epoch 2, i=131 loss=0.29746567010879515
epoch 2, i=141 loss=0.27900325655937197
epoch 2, i=151 loss=0.34303051233291626
epoch 2, i=161 loss=0.28929978162050246
epoch 2, i=171 loss=0.3060127079486847
R2 for elevation is 0.8475690914881747
R2 for roads is 0.6080646462655367
R2 for treecover is 0.947229148312139
Validation loss: 0.474451019005342
epoch 3, i=1 loss=0.04881311506032944
epoch 3, i=11 loss=0.2949570745229721
epoch 3, i=21 loss=0.26402832716703417
epoch 3, i=31 loss=0.24524509459733962
epoch 3, i=41 loss=0.28498882204294207
epoch 3, i=51 loss=0.22860456705093385
epoch 3, i=61 loss=0.288257808983326
epoch 3, i=71 loss=0.24411991536617278
epoch 3, i=81 loss=0.3061599060893059
epoch 3, i=91 loss=0.23790208995342255
epoch 3, i=101 loss=0.273577569425106
epoch 3, i=111 loss=0.2984576985239983
epoch 3, i=121 loss=0.32809588611125945
epoch 3, i=131 loss=0.4345581576228142
epoch 3, i=141 loss=0.2782536432147026
epoch 3, i=151 loss=0.2737525597214699
epoch 3, i=161 loss=0.2529681593179703
epoch 3, i=171 loss=0.24353272765874862
R2 for elevation is 0.8604993416019748
R2 for roads is 0.6334107958896744
R2 for treecover is 0.952536517855381
Validation loss: 0.43642853132703086
epoch 4, i=1 loss=0.05236862599849701
epoch 4, i=11 loss=0.22182438969612123
epoch 4, i=21 loss=0.2324395626783371
epoch 4, i=31 loss=0.255820494890213
epoch 4, i=41 loss=0.22775024622678758
epoch 4, i=51 loss=0.24327920526266097
epoch 4, i=61 loss=0.234709295630455
epoch 4, i=71 loss=0.29869431257247925
epoch 4, i=81 loss=0.2984648168087006
epoch 4, i=91 loss=0.24734213203191757
epoch 4, i=101 loss=0.23595841377973556
epoch 4, i=111 loss=0.27392245531082154
epoch 4, i=121 loss=0.2796178489923477
epoch 4, i=131 loss=0.21442464590072632
epoch 4, i=141 loss=0.2965257316827774
epoch 4, i=151 loss=0.24112882763147353
epoch 4, i=161 loss=0.25069828480482104
epoch 4, i=171 loss=0.2544334426522255
R2 for elevation is 0.8609884057487348
R2 for roads is 0.6452119966963393
R2 for treecover is 0.9527071232933547
Validation loss: 0.43403171273795044
Finished Training
pretrained_visiontransformer_1024
CUDA status:  True
STARTING TRAINING LOOP
epoch 0, i=1 loss=0.1992696166038513
epoch 0, i=11 loss=0.9199774861335754
epoch 0, i=21 loss=0.75184967815876
epoch 0, i=31 loss=0.6127751410007477
epoch 0, i=41 loss=0.6199342548847199
epoch 0, i=51 loss=0.5490947932004928
epoch 0, i=61 loss=0.5054523557424545
epoch 0, i=71 loss=0.5390566915273667
epoch 0, i=81 loss=0.4829249083995819
epoch 0, i=91 loss=0.5222739011049271
epoch 0, i=101 loss=0.48730038702487943
epoch 0, i=111 loss=0.5625987619161605
epoch 0, i=121 loss=0.4775200694799423
epoch 0, i=131 loss=0.46258951127529147
epoch 0, i=141 loss=0.47271365225315093
epoch 0, i=151 loss=0.5078875213861466
epoch 0, i=161 loss=0.5011289983987808
R2 for elevation is 0.7980271015314055
R2 for income is 0.31954325814773016
R2 for treecover is 0.9381145184787494
Validation loss: 0.47322735616139006
epoch 1, i=1 loss=0.10240362584590912
epoch 1, i=11 loss=0.4232815146446228
epoch 1, i=21 loss=0.4597392588853836
epoch 1, i=31 loss=0.4173097550868988
epoch 1, i=41 loss=0.46038747429847715
epoch 1, i=51 loss=0.38476550579071045
epoch 1, i=61 loss=0.40451873242855074
epoch 1, i=71 loss=0.4082548439502716
epoch 1, i=81 loss=0.40236746072769164
epoch 1, i=91 loss=0.44798236787319184
epoch 1, i=101 loss=0.410685259103775
epoch 1, i=111 loss=0.4175830215215683
epoch 1, i=121 loss=0.41981851756572724
epoch 1, i=131 loss=0.43713628947734834
epoch 1, i=141 loss=0.40556531548500063
epoch 1, i=151 loss=0.4701022028923035
epoch 1, i=161 loss=0.48989567160606384
R2 for elevation is 0.828644165216181
R2 for income is 0.38929667100493714
R2 for treecover is 0.9528926991606053
Validation loss: 0.4358100735005878
epoch 2, i=1 loss=0.07199753522872925
epoch 2, i=11 loss=0.3862999141216278
epoch 2, i=21 loss=0.41394480168819425
epoch 2, i=31 loss=0.362508487701416
epoch 2, i=41 loss=0.41730507612228396
epoch 2, i=51 loss=0.32891635298728944
epoch 2, i=61 loss=0.4089197814464569
epoch 2, i=71 loss=0.42558933198452
epoch 2, i=81 loss=0.33066803961992264
epoch 2, i=91 loss=0.3650243431329727
epoch 2, i=101 loss=0.35779396295547483
epoch 2, i=111 loss=0.4516409710049629
epoch 2, i=121 loss=0.38802787065505984
epoch 2, i=131 loss=0.44249400198459626
epoch 2, i=141 loss=0.36975899934768675
epoch 2, i=151 loss=0.4191560626029968
epoch 2, i=161 loss=0.34502377808094026
R2 for elevation is 0.8420047279969168
R2 for income is 0.41831793759023844
R2 for treecover is 0.9533871966035176
Validation loss: 0.4098673675741468
epoch 3, i=1 loss=0.06861498653888702
epoch 3, i=11 loss=0.34762409925460813
epoch 3, i=21 loss=0.353706057369709
epoch 3, i=31 loss=0.3380654066801071
epoch 3, i=41 loss=0.39335420429706575
epoch 3, i=51 loss=0.34804268181324005
epoch 3, i=61 loss=0.3979885786771774
epoch 3, i=71 loss=0.34514051377773286
epoch 3, i=81 loss=0.38172309994697573
epoch 3, i=91 loss=0.38897723257541655
epoch 3, i=101 loss=0.3540800094604492
epoch 3, i=111 loss=0.35044385492801666
epoch 3, i=121 loss=0.36976377964019774
epoch 3, i=131 loss=0.3659603625535965
epoch 3, i=141 loss=0.323700886964798
epoch 3, i=151 loss=0.327095764875412
epoch 3, i=161 loss=0.32826912105083467
R2 for elevation is 0.8521415079828916
R2 for income is 0.44278418589955665
R2 for treecover is 0.9569253747254025
Validation loss: 0.41026927317891804
epoch 4, i=1 loss=0.05928243100643158
epoch 4, i=11 loss=0.31635088175535203
epoch 4, i=21 loss=0.3390180379152298
epoch 4, i=31 loss=0.3019664153456688
epoch 4, i=41 loss=0.37336076200008395
epoch 4, i=51 loss=0.28481226712465285
epoch 4, i=61 loss=0.34660730361938474
epoch 4, i=71 loss=0.34216334521770475
epoch 4, i=81 loss=0.31805302649736406
epoch 4, i=91 loss=0.35010158121585844
epoch 4, i=101 loss=0.3112320005893707
epoch 4, i=111 loss=0.3451764672994614
epoch 4, i=121 loss=0.3316304087638855
epoch 4, i=131 loss=0.3075449153780937
epoch 4, i=141 loss=0.315469765663147
epoch 4, i=151 loss=0.35880087614059447
epoch 4, i=161 loss=0.2706200838088989
R2 for elevation is 0.8594401422896711
R2 for income is 0.45444782357561775
R2 for treecover is 0.9556782115195394
Validation loss: 0.3890265907560076
Finished Training
pretrained_visiontransformer_1024
CUDA status:  True
STARTING TRAINING LOOP
epoch 0, i=1 loss=0.21137239336967467
epoch 0, i=11 loss=0.980542254447937
epoch 0, i=21 loss=0.8265197694301605
epoch 0, i=31 loss=0.7943780064582825
epoch 0, i=41 loss=0.8427454590797424
epoch 0, i=51 loss=0.7104201197624207
epoch 0, i=61 loss=0.7013536304235458
epoch 0, i=71 loss=0.7205413758754731
epoch 0, i=81 loss=0.6723575174808503
epoch 0, i=91 loss=0.7318494319915771
epoch 0, i=101 loss=0.6900734424591064
epoch 0, i=111 loss=0.5958939552307129
epoch 0, i=121 loss=0.5674166172742844
epoch 0, i=131 loss=0.7355472564697265
epoch 0, i=141 loss=0.7350753217935562
epoch 0, i=151 loss=0.7313818573951721
epoch 0, i=161 loss=0.7155807554721832
R2 for elevation is 0.7859706527099608
R2 for roads is 0.5273553766254119
R2 for income is 0.3328736139406289
Validation loss: 0.6269811789194742
epoch 1, i=1 loss=0.18686921000480652
epoch 1, i=11 loss=0.5587808132171631
epoch 1, i=21 loss=0.5546145528554917
epoch 1, i=31 loss=0.5904465049505234
epoch 1, i=41 loss=0.7500086784362793
epoch 1, i=51 loss=0.6184424668550491
epoch 1, i=61 loss=0.6678984224796295
epoch 1, i=71 loss=0.6079866081476212
epoch 1, i=81 loss=0.6859564185142517
epoch 1, i=91 loss=0.6414457947015763
epoch 1, i=101 loss=0.5900272250175476
epoch 1, i=111 loss=0.5913323938846589
epoch 1, i=121 loss=0.5461192756891251
epoch 1, i=131 loss=0.6192556768655777
epoch 1, i=141 loss=0.5699208199977874
epoch 1, i=151 loss=0.511645931005478
epoch 1, i=161 loss=0.5862257033586502
R2 for elevation is 0.8179205489400934
R2 for roads is 0.5678658089108508
R2 for income is 0.3803727244461287
Validation loss: 0.5906064822560265
epoch 2, i=1 loss=0.13969125747680664
epoch 2, i=11 loss=0.6023375391960144
epoch 2, i=21 loss=0.5554389297962189
epoch 2, i=31 loss=0.49543950259685515
epoch 2, i=41 loss=0.5466090828180313
epoch 2, i=51 loss=0.519062614440918
epoch 2, i=61 loss=0.583753889799118
epoch 2, i=71 loss=0.5514686971902847
epoch 2, i=81 loss=0.5818238824605941
epoch 2, i=91 loss=0.5081967711448669
epoch 2, i=101 loss=0.588069599866867
epoch 2, i=111 loss=0.6254760354757309
epoch 2, i=121 loss=0.5424852728843689
epoch 2, i=131 loss=0.5566915243864059
epoch 2, i=141 loss=0.5403032600879669
epoch 2, i=151 loss=0.5571547657251358
epoch 2, i=161 loss=0.5341530978679657
R2 for elevation is 0.8330175445391844
R2 for roads is 0.5859331464102394
R2 for income is 0.4214541798419919
Validation loss: 0.5577444717997596
epoch 3, i=1 loss=0.09591904282569885
epoch 3, i=11 loss=0.45691784024238585
epoch 3, i=21 loss=0.519194918870926
epoch 3, i=31 loss=0.5478195011615753
epoch 3, i=41 loss=0.5047475904226303
epoch 3, i=51 loss=0.5693168640136719
epoch 3, i=61 loss=0.47665407657623293
epoch 3, i=71 loss=0.4953162282705307
epoch 3, i=81 loss=0.5110224634408951
epoch 3, i=91 loss=0.5061615943908692
epoch 3, i=101 loss=0.5039767652750016
epoch 3, i=111 loss=0.4876894593238831
epoch 3, i=121 loss=0.5345134735107422
epoch 3, i=131 loss=0.5362587094306945
epoch 3, i=141 loss=0.45928664207458497
epoch 3, i=151 loss=0.4981444001197815
epoch 3, i=161 loss=0.5341854840517044
R2 for elevation is 0.8411922482008325
R2 for roads is 0.584837522470837
R2 for income is 0.4298393628751822
Validation loss: 0.557938685019811
epoch 4, i=1 loss=0.1124982088804245
epoch 4, i=11 loss=0.49852794110774995
epoch 4, i=21 loss=0.5558675467967987
epoch 4, i=31 loss=0.48041810691356657
epoch 4, i=41 loss=0.44510473012924195
epoch 4, i=51 loss=0.4579985707998276
epoch 4, i=61 loss=0.41635519862174986
epoch 4, i=71 loss=0.4105337023735046
epoch 4, i=81 loss=0.42853576242923735
epoch 4, i=91 loss=0.493554949760437
epoch 4, i=101 loss=0.41496460437774657
epoch 4, i=111 loss=0.5402109980583191
epoch 4, i=121 loss=0.47493667602539064
epoch 4, i=131 loss=0.41229159832000734
epoch 4, i=141 loss=0.4694385677576065
epoch 4, i=151 loss=0.4827059000730515
epoch 4, i=161 loss=0.43983021974563596
R2 for elevation is 0.8468603217762419
R2 for roads is 0.5750014939122312
R2 for income is 0.43527384402625685
Validation loss: 0.55089004834493
Finished Training
