13800 images with labels for task elevation
df            elevation
ID                  
1000,1067   1.589314
1000,129    0.416393
1000,1568   0.741856
1000,2020  -0.468241
1000,2037  -0.513781
...              ...
999,2457   -0.825724
999,53     -0.834106
999,679     1.403035
999,914     1.050879
999,942     1.037346

[13812 rows x 1 columns]
13815 images with labels for task roads
df            elevation    length
ID                            
1000,1067   1.589314 -0.273809
1000,129    0.416393 -0.632788
1000,1568   0.741856 -0.632788
1000,2020  -0.468241  0.925490
1000,2037  -0.513781  1.202417
...              ...       ...
999,2457   -0.825724  0.155488
999,53     -0.834106 -0.632788
999,679     1.403035  1.819826
999,914     1.050879 -0.632788
999,942     1.037346 -0.119595

[13812 rows x 2 columns]
13085 images with labels for task income
df            elevation    length    income
ID                                      
1000,1067   1.589314 -0.273809  1.275429
1000,129    0.416393 -0.632788 -1.422184
1000,1568   0.741856 -0.632788  0.083334
1000,2020  -0.468241  0.925490  0.577271
1000,2037  -0.513781  1.202417 -0.249927
...              ...       ...       ...
999,2457   -0.825724  0.155488  0.066471
999,53     -0.834106 -0.632788  0.096302
999,679     1.403035  1.819826  1.720198
999,914     1.050879 -0.632788  0.685130
999,942     1.037346 -0.119595  1.199436

[13085 rows x 3 columns]
13815 images with labels for task treecover
df            elevation    length    income  treecover
ID                                                 
1000,1067   1.589314 -0.273809  1.275429  -0.371312
1000,129    0.416393 -0.632788 -1.422184   1.604845
1000,1568   0.741856 -0.632788  0.083334  -0.742844
1000,2020  -0.468241  0.925490  0.577271  -0.740541
1000,2037  -0.513781  1.202417 -0.249927  -0.732863
...              ...       ...       ...        ...
999,2457   -0.825724  0.155488  0.066471  -0.710798
999,53     -0.834106 -0.632788  0.096302   1.434283
999,679     1.403035  1.819826  1.720198  -0.742844
999,914     1.050879 -0.632788  0.685130  -0.742744
999,942     1.037346 -0.119595  1.199436  -0.742844

[13085 rows x 4 columns]
          ID  elevation    length    income  treecover
0  1000,1067   1.589314 -0.273809  1.275429  -0.371312
1   1000,129   0.416393 -0.632788 -1.422184   1.604845
2  1000,1568   0.741856 -0.632788  0.083334  -0.742844
3  1000,2020  -0.468241  0.925490  0.577271  -0.740541
4  1000,2037  -0.513781  1.202417 -0.249927  -0.732863
Initialize dataset of length 13085 in 2.903200149536133 seconds
13815 images with labels for task roads
df              length
ID                 
1000,1067 -0.273809
1000,129  -0.632788
1000,1568 -0.632788
1000,2020  0.925490
1000,2037  1.202417
...             ...
999,2457   0.155488
999,53    -0.632788
999,679    1.819826
999,914   -0.632788
999,942   -0.119595

[13827 rows x 1 columns]
13085 images with labels for task income
df              length    income
ID                           
1000,1067 -0.273809  1.275429
1000,129  -0.632788 -1.422184
1000,1568 -0.632788  0.083334
1000,2020  0.925490  0.577271
1000,2037  1.202417 -0.249927
...             ...       ...
999,2457   0.155488  0.066471
999,53    -0.632788  0.096302
999,679    1.819826  1.720198
999,914   -0.632788  0.685130
999,942   -0.119595  1.199436

[13097 rows x 2 columns]
13815 images with labels for task treecover
df              length    income  treecover
ID                                      
1000,1067 -0.273809  1.275429  -0.371312
1000,129  -0.632788 -1.422184   1.604845
1000,1568 -0.632788  0.083334  -0.742844
1000,2020  0.925490  0.577271  -0.740541
1000,2037  1.202417 -0.249927  -0.732863
...             ...       ...        ...
999,2457   0.155488  0.066471  -0.710798
999,53    -0.632788  0.096302   1.434283
999,679    1.819826  1.720198  -0.742844
999,914   -0.632788  0.685130  -0.742744
999,942   -0.119595  1.199436  -0.742844

[13097 rows x 3 columns]
          ID    length    income  treecover
0  1000,1067 -0.273809  1.275429  -0.371312
1   1000,129 -0.632788 -1.422184   1.604845
2  1000,1568 -0.632788  0.083334  -0.742844
3  1000,2020  0.925490  0.577271  -0.740541
4  1000,2037  1.202417 -0.249927  -0.732863
Initialize dataset of length 13097 in 1.9268269538879395 seconds
13800 images with labels for task elevation
df            elevation
ID                  
1000,1067   1.589314
1000,129    0.416393
1000,1568   0.741856
1000,2020  -0.468241
1000,2037  -0.513781
...              ...
999,2457   -0.825724
999,53     -0.834106
999,679     1.403035
999,914     1.050879
999,942     1.037346

[13812 rows x 1 columns]
13815 images with labels for task roads
df            elevation    length
ID                            
1000,1067   1.589314 -0.273809
1000,129    0.416393 -0.632788
1000,1568   0.741856 -0.632788
1000,2020  -0.468241  0.925490
1000,2037  -0.513781  1.202417
...              ...       ...
999,2457   -0.825724  0.155488
999,53     -0.834106 -0.632788
999,679     1.403035  1.819826
999,914     1.050879 -0.632788
999,942     1.037346 -0.119595

[13812 rows x 2 columns]
13815 images with labels for task treecover
df            elevation    length  treecover
ID                                       
1000,1067   1.589314 -0.273809  -0.371312
1000,129    0.416393 -0.632788   1.604845
1000,1568   0.741856 -0.632788  -0.742844
1000,2020  -0.468241  0.925490  -0.740541
1000,2037  -0.513781  1.202417  -0.732863
...              ...       ...        ...
999,2457   -0.825724  0.155488  -0.710798
999,53     -0.834106 -0.632788   1.434283
999,679     1.403035  1.819826  -0.742844
999,914     1.050879 -0.632788  -0.742744
999,942     1.037346 -0.119595  -0.742844

[13812 rows x 3 columns]
          ID  elevation    length  treecover
0  1000,1067   1.589314 -0.273809  -0.371312
1   1000,129   0.416393 -0.632788   1.604845
2  1000,1568   0.741856 -0.632788  -0.742844
3  1000,2020  -0.468241  0.925490  -0.740541
4  1000,2037  -0.513781  1.202417  -0.732863
Initialize dataset of length 13812 in 1.9953086376190186 seconds
13800 images with labels for task elevation
df            elevation
ID                  
1000,1067   1.589314
1000,129    0.416393
1000,1568   0.741856
1000,2020  -0.468241
1000,2037  -0.513781
...              ...
999,2457   -0.825724
999,53     -0.834106
999,679     1.403035
999,914     1.050879
999,942     1.037346

[13812 rows x 1 columns]
13085 images with labels for task income
df            elevation    income
ID                            
1000,1067   1.589314  1.275429
1000,129    0.416393 -1.422184
1000,1568   0.741856  0.083334
1000,2020  -0.468241  0.577271
1000,2037  -0.513781 -0.249927
...              ...       ...
999,2457   -0.825724  0.066471
999,53     -0.834106  0.096302
999,679     1.403035  1.720198
999,914     1.050879  0.685130
999,942     1.037346  1.199436

[13085 rows x 2 columns]
13815 images with labels for task treecover
df            elevation    income  treecover
ID                                       
1000,1067   1.589314  1.275429  -0.371312
1000,129    0.416393 -1.422184   1.604845
1000,1568   0.741856  0.083334  -0.742844
1000,2020  -0.468241  0.577271  -0.740541
1000,2037  -0.513781 -0.249927  -0.732863
...              ...       ...        ...
999,2457   -0.825724  0.066471  -0.710798
999,53     -0.834106  0.096302   1.434283
999,679     1.403035  1.720198  -0.742844
999,914     1.050879  0.685130  -0.742744
999,942     1.037346  1.199436  -0.742844

[13085 rows x 3 columns]
          ID  elevation    income  treecover
0  1000,1067   1.589314  1.275429  -0.371312
1   1000,129   0.416393 -1.422184   1.604845
2  1000,1568   0.741856  0.083334  -0.742844
3  1000,2020  -0.468241  0.577271  -0.740541
4  1000,2037  -0.513781 -0.249927  -0.732863
Initialize dataset of length 13085 in 1.8290741443634033 seconds
13800 images with labels for task elevation
df            elevation
ID                  
1000,1067   1.589314
1000,129    0.416393
1000,1568   0.741856
1000,2020  -0.468241
1000,2037  -0.513781
...              ...
999,2457   -0.825724
999,53     -0.834106
999,679     1.403035
999,914     1.050879
999,942     1.037346

[13812 rows x 1 columns]
13815 images with labels for task roads
df            elevation    length
ID                            
1000,1067   1.589314 -0.273809
1000,129    0.416393 -0.632788
1000,1568   0.741856 -0.632788
1000,2020  -0.468241  0.925490
1000,2037  -0.513781  1.202417
...              ...       ...
999,2457   -0.825724  0.155488
999,53     -0.834106 -0.632788
999,679     1.403035  1.819826
999,914     1.050879 -0.632788
999,942     1.037346 -0.119595

[13812 rows x 2 columns]
13085 images with labels for task income
df            elevation    length    income
ID                                      
1000,1067   1.589314 -0.273809  1.275429
1000,129    0.416393 -0.632788 -1.422184
1000,1568   0.741856 -0.632788  0.083334
1000,2020  -0.468241  0.925490  0.577271
1000,2037  -0.513781  1.202417 -0.249927
...              ...       ...       ...
999,2457   -0.825724  0.155488  0.066471
999,53     -0.834106 -0.632788  0.096302
999,679     1.403035  1.819826  1.720198
999,914     1.050879 -0.632788  0.685130
999,942     1.037346 -0.119595  1.199436

[13085 rows x 3 columns]
          ID  elevation    length    income
0  1000,1067   1.589314 -0.273809  1.275429
1   1000,129   0.416393 -0.632788 -1.422184
2  1000,1568   0.741856 -0.632788  0.083334
3  1000,2020  -0.468241  0.925490  0.577271
4  1000,2037  -0.513781  1.202417 -0.249927
Initialize dataset of length 13085 in 1.942803144454956 seconds
pretrained_visiontransformer_1024
CUDA status:  True
STARTING TRAINING LOOP
epoch 0, i=1 loss=0.1760400950908661
epoch 0, i=11 loss=0.8705075263977051
epoch 0, i=21 loss=0.7675162196159363
epoch 0, i=31 loss=0.7710019528865815
epoch 0, i=41 loss=0.730396854877472
epoch 0, i=51 loss=0.6618482947349549
epoch 0, i=61 loss=0.6619101971387863
epoch 0, i=71 loss=0.7439890086650849
epoch 0, i=81 loss=0.5347166925668716
epoch 0, i=91 loss=0.5970125794410706
epoch 0, i=101 loss=0.4793205916881561
epoch 0, i=111 loss=0.6632157742977143
epoch 0, i=121 loss=0.5304572761058808
epoch 0, i=131 loss=0.4905191481113434
epoch 0, i=141 loss=0.5171739131212234
epoch 0, i=151 loss=0.5138274848461151
epoch 0, i=161 loss=0.49795126020908353
R2 for elevation is 0.7875050003452587
R2 for roads is 0.5331719420934534
R2 for income is 0.3219771421138465
R2 for treecover is 0.9330241800283545
Validation loss: 0.5029658008189428
epoch 1, i=1 loss=0.11456897854804993
epoch 1, i=11 loss=0.4575493663549423
epoch 1, i=21 loss=0.4736348897218704
epoch 1, i=31 loss=0.5414953500032424
epoch 1, i=41 loss=0.5584543883800507
epoch 1, i=51 loss=0.4862651914358139
epoch 1, i=61 loss=0.4353817254304886
epoch 1, i=71 loss=0.5169544875621795
epoch 1, i=81 loss=0.47651289105415345
epoch 1, i=91 loss=0.5067484557628632
epoch 1, i=101 loss=0.5511845856904983
epoch 1, i=111 loss=0.5155915886163711
epoch 1, i=121 loss=0.5033711463212966
epoch 1, i=131 loss=0.47209288775920866
epoch 1, i=141 loss=0.459953173995018
epoch 1, i=151 loss=0.44972470998764036
epoch 1, i=161 loss=0.43678913712501527
R2 for elevation is 0.822316575203645
R2 for roads is 0.5668736449725011
R2 for income is 0.3863088977001713
R2 for treecover is 0.9479818212217436
Validation loss: 0.46442105230830966
epoch 2, i=1 loss=0.09689379930496216
epoch 2, i=11 loss=0.49292303919792174
epoch 2, i=21 loss=0.4502248078584671
epoch 2, i=31 loss=0.5187679290771484
epoch 2, i=41 loss=0.3916221559047699
epoch 2, i=51 loss=0.40041981637477875
epoch 2, i=61 loss=0.45699509382247927
epoch 2, i=71 loss=0.4762974977493286
epoch 2, i=81 loss=0.4533066272735596
epoch 2, i=91 loss=0.4299571305513382
epoch 2, i=101 loss=0.47183188796043396
