num_ftrs 768
9989 images with labels for task elevation
df            elevation
ID                  
1000,1067   1.587524
1000,1568   0.739203
1000,2020  -0.472127
1000,2037  -0.517713
1000,2347  -0.770052
...              ...
999,1759    0.119181
999,1985   -0.413788
999,53     -0.838365
999,679     1.401054
999,942     1.034994

[10001 rows x 1 columns]
9480 images with labels for task income
df            elevation    income
ID                            
1000,1067   1.587524  1.257926
1000,1568   0.739203  0.081112
1000,2020  -0.472127  0.568717
1000,2037  -0.517713 -0.247877
1000,2347  -0.770052 -1.031890
...              ...       ...
999,1759    0.119181 -0.454547
999,1985   -0.413788 -0.252410
999,53     -0.838365  0.093914
999,679     1.401054  1.696993
999,942     1.034994  1.182907

[9484 rows x 2 columns]
6816 images with labels for task population
df            elevation    income  population
ID                                        
1000,1067   1.587524  1.257926   -0.116009
1000,2020  -0.472127  0.568717   -0.133909
1000,2037  -0.517713 -0.247877   -0.132296
1000,2347  -0.770052 -1.031890   -0.133114
1000,2390  -0.779775 -0.416712   -0.130173
...              ...       ...         ...
998,348     0.627985 -0.079426   -0.128971
999,1759    0.119181 -0.454547   -0.133959
999,1985   -0.413788 -0.252410   -0.126815
999,53     -0.838365  0.093914   -0.133403
999,679     1.401054  1.696993   -0.134954

[6684 rows x 3 columns]
10000 images with labels for task roads
df            elevation    income  population  length_S1400
ID                                                      
1000,1067   1.587524  1.257926   -0.116009     -0.181398
1000,2020  -0.472127  0.568717   -0.133909      1.144906
1000,2037  -0.517713 -0.247877   -0.132296      1.451158
1000,2347  -0.770052 -1.031890   -0.133114     -0.075666
1000,2390  -0.779775 -0.416712   -0.130173      0.105583
...              ...       ...         ...           ...
998,348     0.627985 -0.079426   -0.128971      0.152001
999,1759    0.119181 -0.454547   -0.133959      0.558215
999,1985   -0.413788 -0.252410   -0.126815      1.095116
999,53     -0.838365  0.093914   -0.133403     -0.578392
999,679     1.401054  1.696993   -0.134954      2.133951

[6684 rows x 4 columns]
10000 images with labels for task treecover
df            elevation    income  population  length_S1400  treecover
ID                                                                 
1000,1067   1.587524  1.257926   -0.116009     -0.181398  -0.372448
1000,2020  -0.472127  0.568717   -0.133909      1.144906  -0.740215
1000,2037  -0.517713 -0.247877   -0.132296      1.451158  -0.732567
1000,2347  -0.770052 -1.031890   -0.133114     -0.075666  -0.634118
1000,2390  -0.779775 -0.416712   -0.130173      0.105583  -0.448108
...              ...       ...         ...           ...        ...
998,348     0.627985 -0.079426   -0.128971      0.152001  -0.742509
999,1759    0.119181 -0.454547   -0.133959      0.558215  -0.742509
999,1985   -0.413788 -0.252410   -0.126815      1.095116  -0.740614
999,53     -0.838365  0.093914   -0.133403     -0.578392   1.425999
999,679     1.401054  1.696993   -0.134954      2.133951  -0.742509

[6684 rows x 5 columns]
10000 images with labels for task nightlights
df            elevation    income  population  length_S1400  treecover         y
ID                                                                           
1000,1067   1.587524  1.257926   -0.116009     -0.181398  -0.372448 -0.160754
1000,2020  -0.472127  0.568717   -0.133909      1.144906  -0.740215 -0.163990
1000,2037  -0.517713 -0.247877   -0.132296      1.451158  -0.732567 -0.129424
1000,2347  -0.770052 -1.031890   -0.133114     -0.075666  -0.634118 -0.178742
1000,2390  -0.779775 -0.416712   -0.130173      0.105583  -0.448108 -0.178742
...              ...       ...         ...           ...        ...       ...
998,348     0.627985 -0.079426   -0.128971      0.152001  -0.742509 -0.171663
999,1759    0.119181 -0.454547   -0.133959      0.558215  -0.742509 -0.178742
999,1985   -0.413788 -0.252410   -0.126815      1.095116  -0.740614 -0.178742
999,53     -0.838365  0.093914   -0.133403     -0.578392   1.425999 -0.178742
999,679     1.401054  1.696993   -0.134954      2.133951  -0.742509 -0.178742

[6684 rows x 6 columns]
          ID  elevation    income  ...  length_S1400  treecover         y
0  1000,1067   1.587524  1.257926  ...     -0.181398  -0.372448 -0.160754
1  1000,2020  -0.472127  0.568717  ...      1.144906  -0.740215 -0.163990
2  1000,2037  -0.517713 -0.247877  ...      1.451158  -0.732567 -0.129424
3  1000,2347  -0.770052 -1.031890  ...     -0.075666  -0.634118 -0.178742
4  1000,2390  -0.779775 -0.416712  ...      0.105583  -0.448108 -0.178742

[5 rows x 7 columns]
Initialize dataset of length 6684 in 3.9204771518707275 seconds
CUDA status:  True
STARTING TRAINING LOOP
epoch 0, i=1 loss=0.17401576042175293
epoch 0, i=11 loss=0.6845616430044175
epoch 0, i=21 loss=0.6035637617111206
epoch 0, i=31 loss=0.5114249765872956
epoch 0, i=41 loss=0.4823634684085846
epoch 0, i=51 loss=0.5368819326162338
epoch 0, i=61 loss=0.45121507048606874
epoch 0, i=71 loss=0.4965119227766991
epoch 0, i=81 loss=0.47659443914890287
R2 for elevation is 0.7900810932162365
R2 for income is 0.3994323754737395
R2 for population is 0.8516878843154534
R2 for roads is 0.5674444449905688
R2 for treecover is 0.9333943683579867
R2 for nightlights is 0.8051554237028345
Validation loss: 0.44087596102194354
epoch 1, i=1 loss=0.05490354150533676
epoch 1, i=11 loss=0.42360777258872984
epoch 1, i=21 loss=0.45921293199062346
epoch 1, i=31 loss=0.3818752974271774
epoch 1, i=41 loss=0.5075765728950501
epoch 1, i=51 loss=0.3593690499663353
epoch 1, i=61 loss=0.3659208416938782
epoch 1, i=71 loss=0.4570239752531052
epoch 1, i=81 loss=0.3579466283321381
R2 for elevation is 0.8183026470216626
R2 for income is 0.4371281015637448
R2 for population is 0.8494864102560781
R2 for roads is 0.5843819684468746
R2 for treecover is 0.9446389898917472
R2 for nightlights is 0.8537112729784976
Validation loss: 0.3876582153818824
epoch 2, i=1 loss=0.04814075827598572
epoch 2, i=11 loss=0.3383577033877373
epoch 2, i=21 loss=0.41245897114276886
epoch 2, i=31 loss=0.3199937969446182
epoch 2, i=41 loss=0.35233740955591203
epoch 2, i=51 loss=0.32201886773109434
epoch 2, i=61 loss=0.36475487649440763
epoch 2, i=71 loss=0.34262804687023163
epoch 2, i=81 loss=0.42094737738370896
Traceback (most recent call last):
  File "/home/bayfoleycox/satellite-embeddings/src/training_stage/train_models_test.py", line 31, in <module>
    train_multitask_model.train_model(dataset, net, trainloader, valloader, testloader, 20, 0.00005, model_name, batch_size)
  File "/home/bayfoleycox/satellite-embeddings/src/training_stage/train_multitask_model.py", line 56, in train_model
    val_loss = get_model_loss(valloader, dataset, net, criterion)
  File "/home/bayfoleycox/satellite-embeddings/src/training_stage/../util/util.py", line 31, in get_model_loss
    for inputs, labels, _ in data_loader:
  File "/opt/conda/envs/embedder/lib/python3.9/site-packages/torch/utils/data/dataloader.py", line 444, in __iter__
    return self._get_iterator()
  File "/opt/conda/envs/embedder/lib/python3.9/site-packages/torch/utils/data/dataloader.py", line 390, in _get_iterator
    return _MultiProcessingDataLoaderIter(self)
  File "/opt/conda/envs/embedder/lib/python3.9/site-packages/torch/utils/data/dataloader.py", line 1077, in __init__
    w.start()
  File "/opt/conda/envs/embedder/lib/python3.9/multiprocessing/process.py", line 121, in start
    self._popen = self._Popen(self)
  File "/opt/conda/envs/embedder/lib/python3.9/multiprocessing/context.py", line 224, in _Popen
    return _default_context.get_context().Process._Popen(process_obj)
  File "/opt/conda/envs/embedder/lib/python3.9/multiprocessing/context.py", line 277, in _Popen
    return Popen(process_obj)
  File "/opt/conda/envs/embedder/lib/python3.9/multiprocessing/popen_fork.py", line 19, in __init__
    self._launch(process_obj)
  File "/opt/conda/envs/embedder/lib/python3.9/multiprocessing/popen_fork.py", line 66, in _launch
    self.pid = os.fork()
OSError: [Errno 12] Cannot allocate memory
num_ftrs 768
9989 images with labels for task elevation
df            elevation
ID                  
1000,1067   1.587524
1000,1568   0.739203
1000,2020  -0.472127
1000,2037  -0.517713
1000,2347  -0.770052
...              ...
999,1759    0.119181
999,1985   -0.413788
999,53     -0.838365
999,679     1.401054
999,942     1.034994

[10001 rows x 1 columns]
9480 images with labels for task income
df            elevation    income
ID                            
1000,1067   1.587524  1.257926
1000,1568   0.739203  0.081112
1000,2020  -0.472127  0.568717
1000,2037  -0.517713 -0.247877
1000,2347  -0.770052 -1.031890
...              ...       ...
999,1759    0.119181 -0.454547
999,1985   -0.413788 -0.252410
999,53     -0.838365  0.093914
999,679     1.401054  1.696993
999,942     1.034994  1.182907

[9484 rows x 2 columns]
6816 images with labels for task population
df            elevation    income  population
ID                                        
1000,1067   1.587524  1.257926   -0.116009
1000,2020  -0.472127  0.568717   -0.133909
1000,2037  -0.517713 -0.247877   -0.132296
1000,2347  -0.770052 -1.031890   -0.133114
1000,2390  -0.779775 -0.416712   -0.130173
...              ...       ...         ...
998,348     0.627985 -0.079426   -0.128971
999,1759    0.119181 -0.454547   -0.133959
999,1985   -0.413788 -0.252410   -0.126815
999,53     -0.838365  0.093914   -0.133403
999,679     1.401054  1.696993   -0.134954

[6684 rows x 3 columns]
10000 images with labels for task roads
df            elevation    income  population  length_S1400
ID                                                      
1000,1067   1.587524  1.257926   -0.116009     -0.181398
1000,2020  -0.472127  0.568717   -0.133909      1.144906
1000,2037  -0.517713 -0.247877   -0.132296      1.451158
1000,2347  -0.770052 -1.031890   -0.133114     -0.075666
1000,2390  -0.779775 -0.416712   -0.130173      0.105583
...              ...       ...         ...           ...
998,348     0.627985 -0.079426   -0.128971      0.152001
999,1759    0.119181 -0.454547   -0.133959      0.558215
999,1985   -0.413788 -0.252410   -0.126815      1.095116
999,53     -0.838365  0.093914   -0.133403     -0.578392
999,679     1.401054  1.696993   -0.134954      2.133951

[6684 rows x 4 columns]
10000 images with labels for task treecover
df            elevation    income  population  length_S1400  treecover
ID                                                                 
1000,1067   1.587524  1.257926   -0.116009     -0.181398  -0.372448
1000,2020  -0.472127  0.568717   -0.133909      1.144906  -0.740215
1000,2037  -0.517713 -0.247877   -0.132296      1.451158  -0.732567
1000,2347  -0.770052 -1.031890   -0.133114     -0.075666  -0.634118
1000,2390  -0.779775 -0.416712   -0.130173      0.105583  -0.448108
...              ...       ...         ...           ...        ...
998,348     0.627985 -0.079426   -0.128971      0.152001  -0.742509
999,1759    0.119181 -0.454547   -0.133959      0.558215  -0.742509
999,1985   -0.413788 -0.252410   -0.126815      1.095116  -0.740614
999,53     -0.838365  0.093914   -0.133403     -0.578392   1.425999
999,679     1.401054  1.696993   -0.134954      2.133951  -0.742509

[6684 rows x 5 columns]
10000 images with labels for task nightlights
df            elevation    income  population  length_S1400  treecover         y
ID                                                                           
1000,1067   1.587524  1.257926   -0.116009     -0.181398  -0.372448 -0.160754
1000,2020  -0.472127  0.568717   -0.133909      1.144906  -0.740215 -0.163990
1000,2037  -0.517713 -0.247877   -0.132296      1.451158  -0.732567 -0.129424
1000,2347  -0.770052 -1.031890   -0.133114     -0.075666  -0.634118 -0.178742
1000,2390  -0.779775 -0.416712   -0.130173      0.105583  -0.448108 -0.178742
...              ...       ...         ...           ...        ...       ...
998,348     0.627985 -0.079426   -0.128971      0.152001  -0.742509 -0.171663
999,1759    0.119181 -0.454547   -0.133959      0.558215  -0.742509 -0.178742
999,1985   -0.413788 -0.252410   -0.126815      1.095116  -0.740614 -0.178742
999,53     -0.838365  0.093914   -0.133403     -0.578392   1.425999 -0.178742
999,679     1.401054  1.696993   -0.134954      2.133951  -0.742509 -0.178742

[6684 rows x 6 columns]
          ID  elevation    income  ...  length_S1400  treecover         y
0  1000,1067   1.587524  1.257926  ...     -0.181398  -0.372448 -0.160754
1  1000,2020  -0.472127  0.568717  ...      1.144906  -0.740215 -0.163990
2  1000,2037  -0.517713 -0.247877  ...      1.451158  -0.732567 -0.129424
3  1000,2347  -0.770052 -1.031890  ...     -0.075666  -0.634118 -0.178742
4  1000,2390  -0.779775 -0.416712  ...      0.105583  -0.448108 -0.178742

[5 rows x 7 columns]
Initialize dataset of length 6684 in 3.8991005420684814 seconds
CUDA status:  True
STARTING TRAINING LOOP
epoch 0, i=1 loss=0.2136886715888977
epoch 0, i=11 loss=0.6052457630634308
epoch 0, i=21 loss=0.6105167508125305
epoch 0, i=31 loss=0.6580041021108627
epoch 0, i=41 loss=0.5353851288557052
epoch 0, i=51 loss=0.5522814989089966
epoch 0, i=61 loss=0.455587774515152
epoch 0, i=71 loss=0.49303179085254667
epoch 0, i=81 loss=0.4904402524232864
R2 for elevation is 0.7646444094018618
R2 for income is 0.4263080567753204
R2 for population is 0.87589360459884
R2 for roads is 0.5262156101688067
R2 for treecover is 0.9285928471659102
R2 for nightlights is 0.8824276467948764
Validation loss: 0.3881720169024034
epoch 1, i=1 loss=0.08023633658885956
epoch 1, i=11 loss=0.44317943751811983
epoch 1, i=21 loss=0.3642238289117813
epoch 1, i=31 loss=0.3992152512073517
epoch 1, i=41 loss=0.361260786652565
epoch 1, i=51 loss=0.3766831189393997
epoch 1, i=61 loss=0.5102647036314011
epoch 1, i=71 loss=0.46158838272094727
epoch 1, i=81 loss=0.451747989654541
R2 for elevation is 0.7863086536754572
R2 for income is 0.4914941637392473
R2 for population is 0.8581202501688858
R2 for roads is 0.5352086013928924
R2 for treecover is 0.9387336700653819
R2 for nightlights is 0.8576582129318389
Validation loss: 0.4339645369486375
epoch 2, i=1 loss=0.10837568938732148
epoch 2, i=11 loss=0.404325994849205
epoch 2, i=21 loss=0.38818205147981644
epoch 2, i=31 loss=0.3083542212843895
epoch 2, i=41 loss=0.3937131196260452
epoch 2, i=51 loss=0.37107087969779967
epoch 2, i=61 loss=0.39319491386413574
epoch 2, i=71 loss=0.3131536364555359
epoch 2, i=81 loss=0.3579557791352272
R2 for elevation is 0.8018618818192226
R2 for income is 0.5000263851903239
R2 for population is 0.8884938076387827
R2 for roads is 0.5418149606054972
R2 for treecover is 0.944612206341619
R2 for nightlights is 0.8920801388092392
Validation loss: 0.35165379535068164
epoch 3, i=1 loss=0.039561118185520175
epoch 3, i=11 loss=0.31242876052856444
epoch 3, i=21 loss=0.284330053627491
epoch 3, i=31 loss=0.3153554305434227
epoch 3, i=41 loss=0.43014129549264907
epoch 3, i=51 loss=0.29923305362463
epoch 3, i=61 loss=0.3615908458828926
epoch 3, i=71 loss=0.28027201592922213
epoch 3, i=81 loss=0.34523273408412936
R2 for elevation is 0.8000400490099042
R2 for income is 0.4706131887762156
R2 for population is 0.8689534204870853
R2 for roads is 0.5308930520406883
R2 for treecover is 0.9463052971726398
R2 for nightlights is 0.8760002931280666
Validation loss: 0.3732943589037115
epoch 4, i=1 loss=0.05568172335624695
epoch 4, i=11 loss=0.24711142778396605
epoch 4, i=21 loss=0.3182892188429832
epoch 4, i=31 loss=0.29539700597524643
epoch 4, i=41 loss=0.25712704062461855
epoch 4, i=51 loss=0.2598107770085335
epoch 4, i=61 loss=0.3711616531014442
epoch 4, i=71 loss=0.2877248153090477
epoch 4, i=81 loss=0.25259669572114946
R2 for elevation is 0.8195927735514505
R2 for income is 0.4915007093657805
R2 for population is 0.8741310815517951
R2 for roads is 0.5248411517449396
R2 for treecover is 0.9552667458155818
R2 for nightlights is 0.8887803937577272
Validation loss: 0.37799470262093976
epoch 5, i=1 loss=0.05323710590600968
epoch 5, i=11 loss=0.26128745824098587
epoch 5, i=21 loss=0.2360994428396225
epoch 5, i=31 loss=0.2819284349679947
epoch 5, i=41 loss=0.22998031675815583
epoch 5, i=51 loss=0.23636963814496995
epoch 5, i=61 loss=0.23683441430330276
epoch 5, i=71 loss=0.26918701231479647
epoch 5, i=81 loss=0.3606536328792572
R2 for elevation is 0.8119159358959962
R2 for income is 0.4747062504368077
R2 for population is 0.8680589441246235
R2 for roads is 0.5087379093155924
R2 for treecover is 0.9520223557377129
R2 for nightlights is 0.8837995832320045
Validation loss: 0.3769844038919969
epoch 6, i=1 loss=0.07583627104759216
epoch 6, i=11 loss=0.23909830749034883
epoch 6, i=21 loss=0.24212321192026137
epoch 6, i=31 loss=0.26047161370515826
epoch 6, i=41 loss=0.29938349276781084
epoch 6, i=51 loss=0.2429816484451294
epoch 6, i=61 loss=0.2762414008378983
epoch 6, i=71 loss=0.23003050535917283
epoch 6, i=81 loss=0.3112247735261917
R2 for elevation is 0.7902659266742691
R2 for income is 0.45956322068207206
R2 for population is 0.8768679217352804
R2 for roads is 0.538581130365291
R2 for treecover is 0.9412832969874025
R2 for nightlights is 0.8766044201056741
Validation loss: 0.42463825236667285
epoch 7, i=1 loss=0.07160021662712097
epoch 7, i=11 loss=0.20593333691358567
epoch 7, i=21 loss=0.20940594971179963
epoch 7, i=31 loss=0.24374962747097015
epoch 7, i=41 loss=0.22431384325027465
epoch 7, i=51 loss=0.286439360678196
epoch 7, i=61 loss=0.2561193510890007
epoch 7, i=71 loss=0.2955715641379356
epoch 7, i=81 loss=0.27447435408830645
R2 for elevation is 0.811911500603676
R2 for income is 0.4976083107632095
R2 for population is 0.8590647062434178
R2 for roads is 0.4857339002272528
R2 for treecover is 0.9525588960287761
R2 for nightlights is 0.8871248269961052
Validation loss: 0.41360444643280725
epoch 8, i=1 loss=0.041853518784046174
epoch 8, i=11 loss=0.21083586364984513
epoch 8, i=21 loss=0.24839995056390762
epoch 8, i=31 loss=0.24887234717607498
epoch 8, i=41 loss=0.2302849218249321
epoch 8, i=51 loss=0.3610361531376839
epoch 8, i=61 loss=0.25974940657615664
epoch 8, i=71 loss=0.28987806886434553
epoch 8, i=81 loss=0.31980293691158296
R2 for elevation is 0.794480519525656
R2 for income is 0.4238574905959805
R2 for population is 0.8322783745227421
R2 for roads is 0.49572617791814755
R2 for treecover is 0.9494616159969399
R2 for nightlights is 0.884148998482913
Validation loss: 0.410392471335151
epoch 9, i=1 loss=0.07274102568626403
epoch 9, i=11 loss=0.3706088036298752
epoch 9, i=21 loss=0.3168132320046425
epoch 9, i=31 loss=0.2875765934586525
epoch 9, i=41 loss=0.28356583416461945
epoch 9, i=51 loss=0.2325165808200836
epoch 9, i=61 loss=0.2600535199046135
epoch 9, i=71 loss=0.2831290826201439
epoch 9, i=81 loss=0.22862497270107268
R2 for elevation is 0.7897712985191885
R2 for income is 0.4323938624709398
R2 for population is 0.8191435429981087
R2 for roads is 0.49354936832354407
R2 for treecover is 0.9438334017526829
R2 for nightlights is 0.8505179224380052
Validation loss: 0.39803388714790344
epoch 10, i=1 loss=0.04906737059354782
epoch 10, i=11 loss=0.2113567441701889
epoch 10, i=21 loss=0.327560992538929
epoch 10, i=31 loss=0.225883649289608
epoch 10, i=41 loss=0.2245367169380188
epoch 10, i=51 loss=0.2528813600540161
epoch 10, i=61 loss=0.2253718703985214
epoch 10, i=71 loss=0.25269829034805297
epoch 10, i=81 loss=0.2513399675488472
R2 for elevation is 0.7924044415511435
R2 for income is 0.4108202034682379
R2 for population is 0.8475334363698912
R2 for roads is 0.4949387971804232
R2 for treecover is 0.9494981680740714
R2 for nightlights is 0.8836417643885335
Validation loss: 0.3840102553367615
epoch 11, i=1 loss=0.05247381627559662
epoch 11, i=11 loss=0.23816845566034317
epoch 11, i=21 loss=0.2885522902011871
epoch 11, i=31 loss=0.24312725365161897
epoch 11, i=41 loss=0.2038017362356186
epoch 11, i=51 loss=0.2092541217803955
epoch 11, i=61 loss=0.24006178230047226
epoch 11, i=71 loss=0.25180850476026534
epoch 11, i=81 loss=0.2672460049390793
R2 for elevation is 0.8043571266426891
R2 for income is 0.4162542443591937
R2 for population is 0.8499960166966871
R2 for roads is 0.4794297170324483
R2 for treecover is 0.9487451795215723
R2 for nightlights is 0.9113123911881235
Validation loss: 0.38761633905497467
epoch 12, i=1 loss=0.04029446989297867
epoch 12, i=11 loss=0.3492117702960968
epoch 12, i=21 loss=0.2624082714319229
epoch 12, i=31 loss=0.3725800096988678
epoch 12, i=41 loss=0.31345614790916443
epoch 12, i=51 loss=0.3753911077976227
epoch 12, i=61 loss=0.3006164714694023
epoch 12, i=71 loss=0.2579296752810478
epoch 12, i=81 loss=0.269354148209095
R2 for elevation is 0.7547208939351979
R2 for income is 0.489960181290512
R2 for population is 0.8740624674107662
R2 for roads is 0.493183032950553
R2 for treecover is 0.9420914847245953
R2 for nightlights is 0.8867177937736064
Validation loss: 0.4382592737674713
epoch 13, i=1 loss=0.038874182105064395
epoch 13, i=11 loss=0.2451217517256737
epoch 13, i=21 loss=0.22797735035419464
epoch 13, i=31 loss=0.24380090683698655
epoch 13, i=41 loss=0.20371029525995255
epoch 13, i=51 loss=0.311723393201828
epoch 13, i=61 loss=0.22927506715059282
epoch 13, i=71 loss=0.249202461540699
epoch 13, i=81 loss=0.2604148522019386
R2 for elevation is 0.7490015714024819
R2 for income is 0.47150436023632425
R2 for population is 0.8426710659490205
R2 for roads is 0.4898359295718993
R2 for treecover is 0.9237764429016256
R2 for nightlights is 0.8735717539555323
Validation loss: 0.4146864251656966
epoch 14, i=1 loss=0.046914863586425784
epoch 14, i=11 loss=0.29103478491306306
epoch 14, i=21 loss=0.22763668447732927
epoch 14, i=31 loss=0.19891756772994995
epoch 14, i=41 loss=0.20379599630832673
epoch 14, i=51 loss=0.2144831284880638
epoch 14, i=61 loss=0.2552859738469124
epoch 14, i=71 loss=0.23371702134609224
epoch 14, i=81 loss=0.2894169107079506
R2 for elevation is 0.7633293602342988
R2 for income is 0.4828164410403238
R2 for population is 0.8295413090481228
R2 for roads is 0.48359927427022603
R2 for treecover is 0.9455775708278326
R2 for nightlights is 0.8288072005066679
Validation loss: 0.45713425766338
epoch 15, i=1 loss=0.050364437699317935
epoch 15, i=11 loss=0.2497708722949028
epoch 15, i=21 loss=0.3260971292853355
epoch 15, i=31 loss=0.2771011531352997
epoch 15, i=41 loss=0.2334603488445282
epoch 15, i=51 loss=0.21741649359464646
epoch 15, i=61 loss=0.24636514037847518
epoch 15, i=71 loss=0.364696079492569
epoch 15, i=81 loss=0.23203274607658386
R2 for elevation is 0.7625365421473912
R2 for income is 0.36657610490076215
R2 for population is 0.8467289237208371
R2 for roads is 0.4723455266735875
R2 for treecover is 0.9404883939581865
R2 for nightlights is 0.8469322439514291
Validation loss: 0.45721388405019586
epoch 16, i=1 loss=0.053164857625961306
epoch 16, i=11 loss=0.29977144449949267
epoch 16, i=21 loss=0.24760422259569168
epoch 16, i=31 loss=0.2475263923406601
epoch 16, i=41 loss=0.2247764691710472
epoch 16, i=51 loss=0.3344853803515434
epoch 16, i=61 loss=0.23040480762720109
epoch 16, i=71 loss=0.25064612925052643
epoch 16, i=81 loss=0.27788720428943636
R2 for elevation is 0.7398953174696229
R2 for income is 0.41874840144459313
R2 for population is 0.7920268188354485
R2 for roads is 0.4353907745006091
R2 for treecover is 0.9222635612423089
R2 for nightlights is 0.8541206496551449
Validation loss: 0.4094654484228654
epoch 17, i=1 loss=0.0450618103146553
epoch 17, i=11 loss=0.2499125763773918
epoch 17, i=21 loss=0.2280415639281273
epoch 17, i=31 loss=0.29127829521894455
epoch 17, i=41 loss=0.23152049034833908
epoch 17, i=51 loss=0.20029201358556747
epoch 17, i=61 loss=0.21240868866443635
epoch 17, i=71 loss=0.24321350902318956
epoch 17, i=81 loss=0.26672935038805007
R2 for elevation is 0.7646783341317072
R2 for income is 0.4129255542715037
R2 for population is 0.8395097292417509
R2 for roads is 0.43401752455487086
R2 for treecover is 0.9400646200552835
R2 for nightlights is 0.8622365212397013
Validation loss: 0.43871911005540326
epoch 18, i=1 loss=0.028114597499370574
epoch 18, i=11 loss=0.22597749680280685
epoch 18, i=21 loss=0.3353953868150711
epoch 18, i=31 loss=0.30832144767045977
Traceback (most recent call last):
  File "/home/bayfoleycox/satellite-embeddings/src/training_stage/train_models_test.py", line 31, in <module>
    train_multitask_model_tune.train_model(dataset, net, trainloader, valloader, testloader, 1, 0.00005, model_name, batch_size)
  File "/home/bayfoleycox/satellite-embeddings/src/training_stage/train_multitask_model.py", line 47, in train_model
    
  File "/opt/conda/envs/embedder/lib/python3.9/site-packages/torch/optim/optimizer.py", line 113, in wrapper
    return func(*args, **kwargs)
  File "/opt/conda/envs/embedder/lib/python3.9/site-packages/torch/autograd/grad_mode.py", line 27, in decorate_context
    return func(*args, **kwargs)
  File "/opt/conda/envs/embedder/lib/python3.9/site-packages/torch/optim/adam.py", line 157, in step
    adam(params_with_grad,
  File "/opt/conda/envs/embedder/lib/python3.9/site-packages/torch/optim/adam.py", line 213, in adam
    func(params,
  File "/opt/conda/envs/embedder/lib/python3.9/site-packages/torch/optim/adam.py", line 262, in _single_tensor_adam
    exp_avg.mul_(beta1).add_(grad, alpha=1 - beta1)
KeyboardInterrupt
Traceback (most recent call last):
  File "/home/bayfoleycox/satellite-embeddings/src/training_stage/train_models_test.py", line 8, in <module>
    import training_stage.train_multitask_model_tune as train_multitask_model_tune
  File "/home/bayfoleycox/satellite-embeddings/src/training_stage/../training_stage/train_multitask_model_tune.py", line 3, in <module>
    from util import get_model_loss, get_percent_error, graph_performance # for transformation
ImportError: cannot import name 'get_model_loss' from 'util' (unknown location)
