13800 images with labels for task elevation
df            elevation
ID                  
1000,1067   1.589314
1000,129    0.416393
1000,1568   0.741856
1000,2020  -0.468241
1000,2037  -0.513781
...              ...
999,2457   -0.825724
999,53     -0.834106
999,679     1.403035
999,914     1.050879
999,942     1.037346

[13812 rows x 1 columns]
13815 images with labels for task roads
df            elevation    length
ID                            
1000,1067   1.589314 -0.273809
1000,129    0.416393 -0.632788
1000,1568   0.741856 -0.632788
1000,2020  -0.468241  0.925490
1000,2037  -0.513781  1.202417
...              ...       ...
999,2457   -0.825724  0.155488
999,53     -0.834106 -0.632788
999,679     1.403035  1.819826
999,914     1.050879 -0.632788
999,942     1.037346 -0.119595

[13812 rows x 2 columns]
13085 images with labels for task income
df            elevation    length    income
ID                                      
1000,1067   1.589314 -0.273809  1.275429
1000,129    0.416393 -0.632788 -1.422184
1000,1568   0.741856 -0.632788  0.083334
1000,2020  -0.468241  0.925490  0.577271
1000,2037  -0.513781  1.202417 -0.249927
...              ...       ...       ...
999,2457   -0.825724  0.155488  0.066471
999,53     -0.834106 -0.632788  0.096302
999,679     1.403035  1.819826  1.720198
999,914     1.050879 -0.632788  0.685130
999,942     1.037346 -0.119595  1.199436

[13085 rows x 3 columns]
13815 images with labels for task treecover
df            elevation    length    income  treecover
ID                                                 
1000,1067   1.589314 -0.273809  1.275429  -0.371312
1000,129    0.416393 -0.632788 -1.422184   1.604845
1000,1568   0.741856 -0.632788  0.083334  -0.742844
1000,2020  -0.468241  0.925490  0.577271  -0.740541
1000,2037  -0.513781  1.202417 -0.249927  -0.732863
...              ...       ...       ...        ...
999,2457   -0.825724  0.155488  0.066471  -0.710798
999,53     -0.834106 -0.632788  0.096302   1.434283
999,679     1.403035  1.819826  1.720198  -0.742844
999,914     1.050879 -0.632788  0.685130  -0.742744
999,942     1.037346 -0.119595  1.199436  -0.742844

[13085 rows x 4 columns]
          ID  elevation    length    income  treecover
0  1000,1067   1.589314 -0.273809  1.275429  -0.371312
1   1000,129   0.416393 -0.632788 -1.422184   1.604845
2  1000,1568   0.741856 -0.632788  0.083334  -0.742844
3  1000,2020  -0.468241  0.925490  0.577271  -0.740541
4  1000,2037  -0.513781  1.202417 -0.249927  -0.732863
Initialize dataset of length 13085 in 2.5639231204986572 seconds
pretrained_visiontransformer_4096
CUDA status:  True
STARTING TRAINING LOOP
epoch 0, i=1 loss=0.207437139749527
epoch 0, i=11 loss=0.9163869857788086
epoch 0, i=21 loss=0.7680055975914002
epoch 0, i=31 loss=0.6833967626094818
epoch 0, i=41 loss=0.6624332785606384
epoch 0, i=51 loss=0.5669173717498779
epoch 0, i=61 loss=0.648353224992752
epoch 0, i=71 loss=0.6101563304662705
epoch 0, i=81 loss=0.5096272170543671
epoch 0, i=91 loss=0.49478631615638735
epoch 0, i=101 loss=0.6195540875196457
epoch 0, i=111 loss=0.46013587713241577
epoch 0, i=121 loss=0.5361220836639404
epoch 0, i=131 loss=0.5238779127597809
epoch 0, i=141 loss=0.5924547255039215
epoch 0, i=151 loss=0.5808737725019455
epoch 0, i=161 loss=0.457877853512764
R2 for elevation is 0.8053600806799885
R2 for roads is 0.5420736250617442
R2 for income is 0.33939843998114905
R2 for treecover is 0.9343847934198204
Validation loss: 0.4911067471617744
epoch 1, i=1 loss=0.09064146876335144
epoch 1, i=11 loss=0.48185627460479735
epoch 1, i=21 loss=0.5670649439096451
epoch 1, i=31 loss=0.512122756242752
epoch 1, i=41 loss=0.447111701965332
epoch 1, i=51 loss=0.5002155750989914
epoch 1, i=61 loss=0.48970405757427216
epoch 1, i=71 loss=0.40551004707813265
epoch 1, i=81 loss=0.47291761040687563
epoch 1, i=91 loss=0.49553340673446655
epoch 1, i=101 loss=0.504943597316742
epoch 1, i=111 loss=0.5559028357267379
epoch 1, i=121 loss=0.4458202004432678
